[2021-03-28 10:45:54,714] SEVERE {b7a.log.crash} - null 
java.lang.NullPointerException
	at org.ballerinax.azurefunctions.Utils.extractAzureFuncsPackageSymbol(Utils.java:102)
	at org.ballerinax.azurefunctions.AzureFunctionsPlugin.process(AzureFunctionsPlugin.java:74)
	at org.wso2.ballerinalang.compiler.semantics.analyzer.CompilerPluginRunner.executePluginSafely(CompilerPluginRunner.java:169)
	at org.wso2.ballerinalang.compiler.semantics.analyzer.CompilerPluginRunner.visit(CompilerPluginRunner.java:146)
	at org.wso2.ballerinalang.compiler.tree.BLangPackage.accept(BLangPackage.java:163)
	at org.wso2.ballerinalang.compiler.semantics.analyzer.CompilerPluginRunner.runPlugins(CompilerPluginRunner.java:134)
	at io.ballerina.projects.internal.CompilerPhaseRunner.annotationProcess(CompilerPhaseRunner.java:245)
	at io.ballerina.projects.internal.CompilerPhaseRunner.performTypeCheckPhases(CompilerPhaseRunner.java:150)
	at io.ballerina.projects.ModuleContext.compileInternal(ModuleContext.java:373)
	at io.ballerina.projects.ModuleCompilationState$1.compile(ModuleCompilationState.java:45)
	at io.ballerina.projects.ModuleContext.compile(ModuleContext.java:322)
	at io.ballerina.projects.PackageCompilation.compile(PackageCompilation.java:145)
	at io.ballerina.projects.PackageCompilation.diagnosticResult(PackageCompilation.java:104)
	at org.ballerinalang.langserver.diagnostic.DiagnosticsHelper.getLatestDiagnostics(DiagnosticsHelper.java:116)
	at org.ballerinalang.langserver.diagnostic.DiagnosticsHelper.compileAndSendDiagnostics(DiagnosticsHelper.java:80)
	at org.ballerinalang.langserver.BallerinaTextDocumentService.didChange(BallerinaTextDocumentService.java:487)
	at jdk.internal.reflect.GeneratedMethodAccessor3.invoke(Unknown Source)
	at java.base/jdk.internal.reflect.DelegatingMethodAccessorImpl.invoke(DelegatingMethodAccessorImpl.java:43)
	at java.base/java.lang.reflect.Method.invoke(Method.java:566)
	at org.eclipse.lsp4j.jsonrpc.services.GenericEndpoint.lambda$null$0(GenericEndpoint.java:65)
	at org.eclipse.lsp4j.jsonrpc.services.GenericEndpoint.notify(GenericEndpoint.java:152)
	at org.eclipse.lsp4j.jsonrpc.RemoteEndpoint.handleNotification(RemoteEndpoint.java:220)
	at org.eclipse.lsp4j.jsonrpc.RemoteEndpoint.consume(RemoteEndpoint.java:187)
	at org.eclipse.lsp4j.jsonrpc.json.StreamMessageProducer.handleMessage(StreamMessageProducer.java:194)
	at org.eclipse.lsp4j.jsonrpc.json.StreamMessageProducer.listen(StreamMessageProducer.java:94)
	at org.eclipse.lsp4j.jsonrpc.json.ConcurrentMessageProcessor.run(ConcurrentMessageProcessor.java:113)
	at java.base/java.util.concurrent.Executors$RunnableAdapter.call(Executors.java:515)
	at java.base/java.util.concurrent.FutureTask.run(FutureTask.java:264)
	at java.base/java.util.concurrent.ThreadPoolExecutor.runWorker(ThreadPoolExecutor.java:1128)
	at java.base/java.util.concurrent.ThreadPoolExecutor$Worker.run(ThreadPoolExecutor.java:628)
	at java.base/java.lang.Thread.run(Thread.java:834)
 
[2021-03-28 10:45:54,732] SEVERE {b7a.log.crash} - null 
java.lang.NullPointerException
	at org.ballerinax.docker.DockerPlugin.lambda$process$0(DockerPlugin.java:101)
	at java.base/java.util.stream.ReferencePipeline$2$1.accept(ReferencePipeline.java:176)
	at java.base/java.util.ArrayList$ArrayListSpliterator.forEachRemaining(ArrayList.java:1655)
	at java.base/java.util.stream.AbstractPipeline.copyInto(AbstractPipeline.java:484)
	at java.base/java.util.stream.AbstractPipeline.wrapAndCopyInto(AbstractPipeline.java:474)
	at java.base/java.util.stream.ReduceOps$ReduceOp.evaluateSequential(ReduceOps.java:913)
	at java.base/java.util.stream.AbstractPipeline.evaluate(AbstractPipeline.java:234)
	at java.base/java.util.stream.ReferencePipeline.collect(ReferencePipeline.java:578)
	at org.ballerinax.docker.DockerPlugin.process(DockerPlugin.java:102)
	at org.wso2.ballerinalang.compiler.semantics.analyzer.CompilerPluginRunner.executePluginSafely(CompilerPluginRunner.java:169)
	at org.wso2.ballerinalang.compiler.semantics.analyzer.CompilerPluginRunner.visit(CompilerPluginRunner.java:146)
	at org.wso2.ballerinalang.compiler.tree.BLangPackage.accept(BLangPackage.java:163)
	at org.wso2.ballerinalang.compiler.semantics.analyzer.CompilerPluginRunner.runPlugins(CompilerPluginRunner.java:134)
	at io.ballerina.projects.internal.CompilerPhaseRunner.annotationProcess(CompilerPhaseRunner.java:245)
	at io.ballerina.projects.internal.CompilerPhaseRunner.performTypeCheckPhases(CompilerPhaseRunner.java:150)
	at io.ballerina.projects.ModuleContext.compileInternal(ModuleContext.java:373)
	at io.ballerina.projects.ModuleCompilationState$1.compile(ModuleCompilationState.java:45)
	at io.ballerina.projects.ModuleContext.compile(ModuleContext.java:322)
	at io.ballerina.projects.PackageCompilation.compile(PackageCompilation.java:145)
	at io.ballerina.projects.PackageCompilation.diagnosticResult(PackageCompilation.java:104)
	at org.ballerinalang.langserver.diagnostic.DiagnosticsHelper.getLatestDiagnostics(DiagnosticsHelper.java:116)
	at org.ballerinalang.langserver.diagnostic.DiagnosticsHelper.compileAndSendDiagnostics(DiagnosticsHelper.java:80)
	at org.ballerinalang.langserver.BallerinaTextDocumentService.didChange(BallerinaTextDocumentService.java:487)
	at jdk.internal.reflect.GeneratedMethodAccessor3.invoke(Unknown Source)
	at java.base/jdk.internal.reflect.DelegatingMethodAccessorImpl.invoke(DelegatingMethodAccessorImpl.java:43)
	at java.base/java.lang.reflect.Method.invoke(Method.java:566)
	at org.eclipse.lsp4j.jsonrpc.services.GenericEndpoint.lambda$null$0(GenericEndpoint.java:65)
	at org.eclipse.lsp4j.jsonrpc.services.GenericEndpoint.notify(GenericEndpoint.java:152)
	at org.eclipse.lsp4j.jsonrpc.RemoteEndpoint.handleNotification(RemoteEndpoint.java:220)
	at org.eclipse.lsp4j.jsonrpc.RemoteEndpoint.consume(RemoteEndpoint.java:187)
	at org.eclipse.lsp4j.jsonrpc.json.StreamMessageProducer.handleMessage(StreamMessageProducer.java:194)
	at org.eclipse.lsp4j.jsonrpc.json.StreamMessageProducer.listen(StreamMessageProducer.java:94)
	at org.eclipse.lsp4j.jsonrpc.json.ConcurrentMessageProcessor.run(ConcurrentMessageProcessor.java:113)
	at java.base/java.util.concurrent.Executors$RunnableAdapter.call(Executors.java:515)
	at java.base/java.util.concurrent.FutureTask.run(FutureTask.java:264)
	at java.base/java.util.concurrent.ThreadPoolExecutor.runWorker(ThreadPoolExecutor.java:1128)
	at java.base/java.util.concurrent.ThreadPoolExecutor$Worker.run(ThreadPoolExecutor.java:628)
	at java.base/java.lang.Thread.run(Thread.java:834)
 
